#
# There is insufficient memory for the Java Runtime Environment to continue.
# Native memory allocation (mmap) failed to map 524288000 bytes. Error detail: G1 virtual space
# Possible reasons:
#   The system is out of physical RAM or swap space
#   This process is running with CompressedOops enabled, and the Java Heap may be blocking the growth of the native heap
# Possible solutions:
#   Reduce memory load on the system
#   Increase physical memory or swap space
#   Check if swap backing store is full
#   Decrease Java heap size (-Xmx/-Xms)
#   Decrease number of Java threads
#   Decrease Java thread stack sizes (-Xss)
#   Set larger code cache with -XX:ReservedCodeCacheSize=
#   JVM is running with Zero Based Compressed Oops mode in which the Java heap is
#     placed in the first 32GB address space. The Java Heap base address is the
#     maximum limit for the native heap growth. Please use -XX:HeapBaseMinAddress
#     to set the Java Heap base and to place the Java Heap above 32GB virtual address.
# This output file may be truncated or incomplete.
#
#  Out of Memory Error (os_windows.cpp:3703), pid=26608, tid=6000
#
# JRE version:  (23.0.1+11) (build )
# Java VM: Java HotSpot(TM) 64-Bit Server VM (23.0.1+11-39, mixed mode, sharing, tiered, compressed oops, compressed class ptrs, g1 gc, windows-amd64)
# No core dump will be written. Minidumps are not enabled by default on client versions of Windows
#

---------------  S U M M A R Y ------------

Command Line: -Dfile.encoding=UTF-8 -Dstdout.encoding=UTF-8 -Dstderr.encoding=UTF-8 --module-path=C:\Users\annah\eclipse-workspace\BrickBreaker07\bin;C:\Users\annah\.p2\pool\plugins\org.eclipse.fx.ide.css.jfx8_3.8.0.202204150904.jar;C:\Users\annah\JAVA\javafx-sdk-23.0.1\lib\javafx.base.jar;C:\Users\annah\JAVA\javafx-sdk-23.0.1\lib\javafx.controls.jar;C:\Users\annah\JAVA\javafx-sdk-23.0.1\lib\javafx.fxml.jar;C:\Users\annah\JAVA\javafx-sdk-23.0.1\lib\javafx.graphics.jar;C:\Users\annah\JAVA\javafx-sdk-23.0.1\lib\javafx.media.jar;C:\Users\annah\JAVA\javafx-sdk-23.0.1\lib\javafx.swing.jar;C:\Users\annah\JAVA\javafx-sdk-23.0.1\lib\javafx.web.jar;C:\Users\annah\JAVA\javafx-sdk-23.0.1\lib\javafx-swt.jar -XX:+ShowCodeDetailsInExceptionMessages -Djdk.module.main=BrickBreaker BrickBreaker/application.Main

Host: AMD Ryzen 7 7700 8-Core Processor              , 16 cores, 31G,  Windows 11 , 64 bit Build 26100 (10.0.26100.2454)
Time: Sun Dec 29 17:43:06 2024 Bangladesh Standard Time elapsed time: 0.007839 seconds (0d 0h 0m 0s)

---------------  T H R E A D  ---------------

Current thread (0x0000025872d5cd60):  JavaThread "Unknown thread" [_thread_in_vm, id=6000, stack(0x0000007870300000,0x0000007870400000) (1024K)]

Stack: [0x0000007870300000,0x0000007870400000]
Native frames: (J=compiled Java code, j=interpreted, Vv=VM code, C=native code)
V  [jvm.dll+0x6e08b9]  (no source info available)
V  [jvm.dll+0x87dc83]  (no source info available)
V  [jvm.dll+0x88010e]  (no source info available)
V  [jvm.dll+0x8807e3]  (no source info available)
V  [jvm.dll+0x27aee6]  (no source info available)
V  [jvm.dll+0x6dd1c5]  (no source info available)
V  [jvm.dll+0x6d104a]  (no source info available)
V  [jvm.dll+0x35b3ea]  (no source info available)
V  [jvm.dll+0x3637f6]  (no source info available)
V  [jvm.dll+0x34fd5e]  (no source info available)
V  [jvm.dll+0x34fff8]  (no source info available)
V  [jvm.dll+0x3289cc]  (no source info available)
V  [jvm.dll+0x32966e]  (no source info available)
V  [jvm.dll+0x844355]  (no source info available)
V  [jvm.dll+0x3b9848]  (no source info available)
V  [jvm.dll+0x82d14c]  (no source info available)
V  [jvm.dll+0x454d4e]  (no source info available)
V  [jvm.dll+0x456bd1]  (no source info available)
C  [jli.dll+0x52a3]  (no source info available)
C  [ucrtbase.dll+0x14ea0]  (no source info available)
C  [KERNEL32.DLL+0x2e8d7]  (no source info available)
C  [ntdll.dll+0xdfbcc]  (no source info available)

Lock stack of current Java thread (top to bottom):


---------------  P R O C E S S  ---------------

Threads class SMR info:
_java_thread_list=0x00007fffea0b3618, length=0, elements={
}

Java Threads: ( => current thread )
Total: 0

Other Threads:
  0x000002587516cf10 WorkerThread "GC Thread#0"                     [id=16808, stack(0x0000007870400000,0x0000007870500000) (1024K)]
  0x0000025875182cd0 ConcurrentGCThread "G1 Main Marker"            [id=39896, stack(0x0000007870500000,0x0000007870600000) (1024K)]
  0x00000258751837e0 WorkerThread "G1 Conc#0"                       [id=1392, stack(0x0000007870600000,0x0000007870700000) (1024K)]

[error occurred during error reporting (printing all threads), id 0xc0000005, EXCEPTION_ACCESS_VIOLATION (0xc0000005) at pc=0x00007fffe97fbfba]
VM state: not at safepoint (not fully initialized)

VM Mutex/Monitor currently owned by a thread:  ([mutex/lock_event])
[0x00007fffea133a10] Heap_lock - owner thread: 0x0000025872d5cd60

Heap address: 0x000000060ec00000, size: 7956 MB, Compressed Oops mode: Zero based, Oop shift amount: 3

CDS archive(s) mapped at: [0x0000000000000000-0x0000000000000000-0x0000000000000000), size 0, SharedBaseAddress: 0x0000000800000000, ArchiveRelocationMode: 1.
Narrow klass base: 0x0000000000000000, Narrow klass shift: 0, Narrow klass range: 0x0

GC Precious Log:
 CardTable entry size: 512
 Card Set container configuration: InlinePtr #cards 4 size 8 Array Of Cards #cards 32 size 80 Howl #buckets 8 coarsen threshold 7372 Howl Bitmap #cards 1024 size 144 coarsen threshold 921 Card regions per heap region 1 cards per card region 8192

Heap:
 garbage-first heap   total reserved 8146944K, committed 0K, used 0K [0x000000060ec00000, 0x0000000800000000)
  region size 4096K, 0 young (0K), 0 survivors (0K)

[error occurred during error reporting (printing heap information), id 0xc0000005, EXCEPTION_ACCESS_VIOLATION (0xc0000005) at pc=0x00007fffe9bfc3c9]
GC Heap History (0 events):
No events

Dll operation events (1 events):
Event: 0.005 Loaded shared library C:\Program Files\Java\jdk-23\bin\java.dll

Deoptimization events (0 events):
No events

Classes loaded (0 events):
No events

Classes unloaded (0 events):
No events

Classes redefined (0 events):
No events

Internal exceptions (0 events):
No events

VM Operations (0 events):
No events

Memory protections (0 events):
No events

Nmethod flushes (0 events):
No events

Events (0 events):
No events


Dynamic libraries:
0x00007ff7df8a0000 - 0x00007ff7df8b0000 	C:\Program Files\Java\jdk-23\bin\javaw.exe
0x00007ff88bfe0000 - 0x00007ff88c243000 	C:\WINDOWS\SYSTEM32\ntdll.dll
0x00007ff88aff0000 - 0x00007ff88b0b8000 	C:\WINDOWS\System32\KERNEL32.DLL
0x00007ff8899e0000 - 0x00007ff889d92000 	C:\WINDOWS\System32\KERNELBASE.dll
0x00007ff8893b0000 - 0x00007ff8894fb000 	C:\WINDOWS\System32\ucrtbase.dll
0x00007ff872220000 - 0x00007ff872237000 	C:\Program Files\Java\jdk-23\bin\jli.dll
0x00007ff872200000 - 0x00007ff87221b000 	C:\Program Files\Java\jdk-23\bin\VCRUNTIME140.dll
0x00007ff88ba70000 - 0x00007ff88bc38000 	C:\WINDOWS\System32\USER32.dll
0x00007ff889500000 - 0x00007ff889527000 	C:\WINDOWS\System32\win32u.dll
0x00007ff88af40000 - 0x00007ff88af6a000 	C:\WINDOWS\System32\GDI32.dll
0x00007ff874ae0000 - 0x00007ff874d70000 	C:\WINDOWS\WinSxS\amd64_microsoft.windows.common-controls_6595b64144ccf1df_6.0.26100.2454_none_3e0b68a2e331ad60\COMCTL32.dll
0x00007ff889680000 - 0x00007ff8897ab000 	C:\WINDOWS\System32\gdi32full.dll
0x00007ff88ac90000 - 0x00007ff88ad39000 	C:\WINDOWS\System32\msvcrt.dll
0x00007ff8897b0000 - 0x00007ff889853000 	C:\WINDOWS\System32\msvcp_win.dll
0x00007ff88a1d0000 - 0x00007ff88a1ff000 	C:\WINDOWS\System32\IMM32.DLL
0x00007ff87b580000 - 0x00007ff87b58c000 	C:\Program Files\Java\jdk-23\bin\vcruntime140_1.dll
0x00007ff80aa40000 - 0x00007ff80aace000 	C:\Program Files\Java\jdk-23\bin\msvcp140.dll
0x00007fffe94c0000 - 0x00007fffea20f000 	C:\Program Files\Java\jdk-23\bin\server\jvm.dll
0x00007ff88b9b0000 - 0x00007ff88ba64000 	C:\WINDOWS\System32\ADVAPI32.dll
0x00007ff88be60000 - 0x00007ff88bf06000 	C:\WINDOWS\System32\sechost.dll
0x00007ff88bc60000 - 0x00007ff88bd76000 	C:\WINDOWS\System32\RPCRT4.dll
0x00007ff88af70000 - 0x00007ff88afe4000 	C:\WINDOWS\System32\WS2_32.dll
0x00007ff889240000 - 0x00007ff88928e000 	C:\WINDOWS\SYSTEM32\POWRPROF.dll
0x00007ff87e170000 - 0x00007ff87e1a6000 	C:\WINDOWS\SYSTEM32\WINMM.dll
0x00007ff8860c0000 - 0x00007ff8860cb000 	C:\WINDOWS\SYSTEM32\VERSION.dll
0x00007ff889220000 - 0x00007ff889234000 	C:\WINDOWS\SYSTEM32\UMPDC.dll
0x00007ff8881b0000 - 0x00007ff8881ca000 	C:\WINDOWS\SYSTEM32\kernel.appcore.dll
0x00007ff879560000 - 0x00007ff87956a000 	C:\Program Files\Java\jdk-23\bin\jimage.dll
0x00007ff8786f0000 - 0x00007ff878931000 	C:\WINDOWS\SYSTEM32\DBGHELP.DLL
0x00007ff889e40000 - 0x00007ff88a1be000 	C:\WINDOWS\System32\combase.dll
0x00007ff88bd80000 - 0x00007ff88be56000 	C:\WINDOWS\System32\OLEAUT32.dll
0x00007ff877ce0000 - 0x00007ff877d19000 	C:\WINDOWS\SYSTEM32\dbgcore.DLL
0x00007ff889da0000 - 0x00007ff889e39000 	C:\WINDOWS\System32\bcryptPrimitives.dll
0x00007ff868500000 - 0x00007ff86851e000 	C:\Program Files\Java\jdk-23\bin\java.dll
0x00007ff88a210000 - 0x00007ff88a3a9000 	C:\WINDOWS\System32\ole32.dll
0x00007ff88a420000 - 0x00007ff88ab20000 	C:\WINDOWS\System32\SHELL32.dll

dbghelp: loaded successfully - version: 4.0.5 - missing functions: none
symbol engine: initialized successfully - sym options: 0x614 - pdb path: .;C:\Program Files\Java\jdk-23\bin;C:\WINDOWS\SYSTEM32;C:\WINDOWS\WinSxS\amd64_microsoft.windows.common-controls_6595b64144ccf1df_6.0.26100.2454_none_3e0b68a2e331ad60;C:\Program Files\Java\jdk-23\bin\server

VM Arguments:
jvm_args: -Dfile.encoding=UTF-8 -Dstdout.encoding=UTF-8 -Dstderr.encoding=UTF-8 --module-path=C:\Users\annah\eclipse-workspace\BrickBreaker07\bin;C:\Users\annah\.p2\pool\plugins\org.eclipse.fx.ide.css.jfx8_3.8.0.202204150904.jar;C:\Users\annah\JAVA\javafx-sdk-23.0.1\lib\javafx.base.jar;C:\Users\annah\JAVA\javafx-sdk-23.0.1\lib\javafx.controls.jar;C:\Users\annah\JAVA\javafx-sdk-23.0.1\lib\javafx.fxml.jar;C:\Users\annah\JAVA\javafx-sdk-23.0.1\lib\javafx.graphics.jar;C:\Users\annah\JAVA\javafx-sdk-23.0.1\lib\javafx.media.jar;C:\Users\annah\JAVA\javafx-sdk-23.0.1\lib\javafx.swing.jar;C:\Users\annah\JAVA\javafx-sdk-23.0.1\lib\javafx.web.jar;C:\Users\annah\JAVA\javafx-sdk-23.0.1\lib\javafx-swt.jar -XX:+ShowCodeDetailsInExceptionMessages -Djdk.module.main=BrickBreaker 
java_command: BrickBreaker/application.Main
java_class_path (initial): <not set>
Launcher Type: SUN_STANDARD

[Global flags]
     intx CICompilerCount                          = 12                                        {product} {ergonomic}
     uint ConcGCThreads                            = 3                                         {product} {ergonomic}
     uint G1ConcRefinementThreads                  = 13                                        {product} {ergonomic}
   size_t G1HeapRegionSize                         = 4194304                                   {product} {ergonomic}
   size_t InitialHeapSize                          = 524288000                                 {product} {ergonomic}
   size_t MarkStackSize                            = 4194304                                   {product} {ergonomic}
   size_t MarkStackSizeMax                         = 536870912                                 {product} {ergonomic}
   size_t MaxHeapSize                              = 8342470656                                {product} {ergonomic}
   size_t MinHeapDeltaBytes                        = 4194304                                   {product} {ergonomic}
   size_t MinHeapSize                              = 8388608                                   {product} {ergonomic}
    uintx NonNMethodCodeHeapSize                   = 7602176                                {pd product} {ergonomic}
    uintx NonProfiledCodeHeapSize                  = 122093568                              {pd product} {ergonomic}
    uintx ProfiledCodeHeapSize                     = 121962496                              {pd product} {ergonomic}
    uintx ReservedCodeCacheSize                    = 251658240                              {pd product} {ergonomic}
     bool SegmentedCodeCache                       = true                                      {product} {ergonomic}
     bool ShowCodeDetailsInExceptionMessages       = true                                   {manageable} {command line}
   size_t SoftMaxHeapSize                          = 8342470656                             {manageable} {ergonomic}
     bool UseCompressedOops                        = true                           {product lp64_product} {ergonomic}
     bool UseG1GC                                  = true                                      {product} {ergonomic}
     bool UseLargePagesIndividualAllocation        = false                                  {pd product} {ergonomic}

Logging:
Log output configuration:
 #0: stdout all=warning uptime,level,tags foldmultilines=false
 #1: stderr all=off uptime,level,tags foldmultilines=false

Environment Variables:
PATH=C:\Program Files\Common Files\Oracle\Java\javapath;C:\Program Files (x86)\Common Files\Oracle\Java\java8path;C:\Program Files (x86)\Common Files\Oracle\Java\javapath;C:\WINDOWS\system32;C:\WINDOWS;C:\WINDOWS\System32\Wbem;C:\WINDOWS\System32\WindowsPowerShell\v1.0\;C:\WINDOWS\System32\OpenSSH\;C:\Program Files\Dart\dart-sdk\bin;C:\MinGW\bin;C:\Program Files\Git\cmd;C:\flutter\bin;C:\Users\annah\AppData\Local\Programs\Python\Python311\Scripts\;C:\Users\annah\AppData\Local\Programs\Python\Python311\;C:\Users\annah\AppData\Local\Microsoft\WindowsApps;C:\Users\annah\AppData\Local\Programs\Microsoft VS Code\bin;C:\Program Files\JetBrains\IntelliJ IDEA Community Edition 2024.3.1\bin;;C:\Users\annah\AppData\Local\GitHubDesktop\bin;
USERNAME=annah
OS=Windows_NT
PROCESSOR_IDENTIFIER=AMD64 Family 25 Model 97 Stepping 2, AuthenticAMD
TMP=C:\Users\annah\AppData\Local\Temp
TEMP=C:\Users\annah\AppData\Local\Temp




Periodic native trim disabled

---------------  S Y S T E M  ---------------

OS:
 Windows 11 , 64 bit Build 26100 (10.0.26100.2454)
OS uptime: 2 days 17:09 hours
Hyper-V role detected

CPU: total 16 (initial active 16) (16 cores per cpu, 2 threads per core) family 25 model 97 stepping 2 microcode 0xa601206, cx8, cmov, fxsr, ht, mmx, 3dnowpref, sse, sse2, sse3, ssse3, sse4a, sse4.1, sse4.2, popcnt, lzcnt, tsc, tscinvbit, avx, avx2, aes, erms, clmul, bmi1, bmi2, adx, avx512f, avx512dq, avx512cd, avx512bw, avx512vl, sha, fma, vzeroupper, avx512_vpopcntdq, avx512_vpclmulqdq, avx512_vaes, avx512_vnni, clflush, clflushopt, avx512_vbmi2, avx512_vbmi, hv, rdtscp, rdpid, fsrm, gfni, avx512_bitalg, f16c, cet_ss, avx512_ifma
Processor Information for the first 16 processors :
  Max Mhz: 3801, Current Mhz: 3801, Mhz Limit: 3801

Memory: 4k page, system-wide physical 31820M (10893M free)
TotalPageFile size 75907M (AvailPageFile size 193M)
current process WorkingSet (physical memory assigned to process): 13M, peak: 13M
current process commit charge ("private bytes"): 71M, peak: 571M

vm_info: Java HotSpot(TM) 64-Bit Server VM (23.0.1+11-39) for windows-amd64 JRE (23.0.1+11-39), built on 2024-09-30T07:20:43Z with MS VC++ 17.6 (VS2022)

END.
